[05:33:51] [main/INFO]: Loading Minecraft 1.21.1 with Fabric Loader 0.16.3
[05:33:51] [main/INFO]: Loading 4 mods:
	- fabricloader 0.16.3
	   \-- mixinextras 0.4.1
	- java 21
	- minecraft 1.21.1
[05:33:51] [main/INFO]: SpongePowered MIXIN Subsystem Version=0.8.7 Source=file:/workspaces/Cobbleverse-serv/servidor_minecraft/libraries/net/fabricmc/sponge-mixin/0.15.2+mixin.0.8.7/sponge-mixin-0.15.2+mixin.0.8.7.jar Service=Knot/Fabric Env=SERVER
[05:33:57] [main/INFO]: Environment: Environment[sessionHost=https://sessionserver.mojang.com, servicesHost=https://api.minecraftservices.com, name=PROD]
[05:33:58] [main/INFO]: No existing world data, creating new world
[05:33:59] [main/INFO]: Loaded 1290 recipes
[05:33:59] [main/INFO]: Loaded 1399 advancements
[05:34:00] [Server thread/INFO]: Starting minecraft server version 1.21.1
[05:34:00] [Server thread/INFO]: Loading properties
[05:34:00] [Server thread/INFO]: Default game type: SURVIVAL
[05:34:00] [Server thread/INFO]: Generating keypair
[05:34:00] [Server thread/INFO]: Starting Minecraft server on *:25565
[05:34:00] [Server thread/INFO]: Using epoll channel type
[05:34:00] [Server thread/WARN]: **** SERVER IS RUNNING IN OFFLINE/INSECURE MODE!
[05:34:00] [Server thread/WARN]: The server will make no attempt to authenticate usernames. Beware.
[05:34:00] [Server thread/WARN]: While this makes the game possible to play without internet access, it also opens up the ability for hackers to connect with any username they choose.
[05:34:00] [Server thread/WARN]: To change this, set "online-mode" to "true" in the server.properties file.
[05:34:00] [Server thread/INFO]: Preparing level "world"
[05:34:07] [Server thread/INFO]: Preparing start region for dimension minecraft:overworld
[05:34:07] [Worker-Main-1/INFO]: Preparing spawn area: 2%
[05:34:08] [Worker-Main-3/INFO]: Preparing spawn area: 2%
[05:34:08] [Worker-Main-3/INFO]: Preparing spawn area: 2%
[05:34:09] [Worker-Main-1/INFO]: Preparing spawn area: 2%
[05:34:09] [Worker-Main-3/INFO]: Preparing spawn area: 18%
[05:34:10] [Worker-Main-2/INFO]: Preparing spawn area: 18%
[05:34:10] [Worker-Main-1/INFO]: Preparing spawn area: 18%
[05:34:11] [Worker-Main-3/INFO]: Preparing spawn area: 32%
[05:34:11] [Worker-Main-2/INFO]: Preparing spawn area: 51%
[05:34:12] [Worker-Main-3/INFO]: Preparing spawn area: 51%
[05:34:12] [Server thread/INFO]: Time elapsed: 4965 ms
[05:34:12] [Server thread/INFO]: Done (11.857s)! For help, type "help"
[05:35:35] [Server thread/INFO]: Julio[/127.86.31.177:34347] logged in with entity id 1 at (-8.5, 71.0, 33.5)
[05:35:35] [Server thread/INFO]: Julio joined the game
[05:35:57] [Server thread/INFO]: Julio lost connection: Disconnected
[05:35:57] [Server thread/INFO]: Julio left the game
[05:36:08] [Server thread/INFO]: Stopping the server
[05:36:08] [Server thread/INFO]: Stopping server
[05:36:08] [Server thread/INFO]: Saving players
[05:36:08] [Server thread/INFO]: Saving worlds
[05:36:08] [Server thread/INFO]: Saving chunks for level 'ServerLevel[world]'/minecraft:overworld
[05:36:09] [Server thread/INFO]: Saving chunks for level 'ServerLevel[world]'/minecraft:the_nether
[05:36:09] [Server thread/INFO]: Saving chunks for level 'ServerLevel[world]'/minecraft:the_end
[05:36:09] [Server thread/INFO]: ThreadedAnvilChunkStorage (world): All chunks are saved
[05:36:09] [Server thread/INFO]: ThreadedAnvilChunkStorage (DIM-1): All chunks are saved
[05:36:09] [Server thread/INFO]: ThreadedAnvilChunkStorage (DIM1): All chunks are saved
[05:36:09] [Server thread/INFO]: ThreadedAnvilChunkStorage: All dimensions are saved
